生成启动时间为 2018/1/7 15:56:10。
     1>项目“E:\Program\KNN\KNN\KNN.vcxproj”在节点 2 上(Build 个目标)。
     1>ClCompile:
         C:\Program Files (x86)\Microsoft Visual Studio 12.0\VC\bin\CL.exe /c /ZI /nologo /W3 /WX- /Od /Oy- /D WIN32 /D _DEBUG /D _CONSOLE /D _LIB /D _UNICODE /D UNICODE /Gm /EHsc /RTC1 /MDd /GS /fp:precise /Zc:wchar_t /Zc:forScope /Fo"Debug\\" /Fd"Debug\vc120.pdb" /Gd /TP /analyze- /errorReport:prompt demo.cpp
         demo.cpp
     1>e:\program\knn\knn\demo.cpp(7): warning C4018: “<”: 有符号/无符号不匹配
     1>e:\program\knn\knn\demo.cpp(10): warning C4305: “=”: 从“double”到“float”截断
     1>e:\program\knn\knn\demo.cpp(16): warning C4305: “=”: 从“double”到“float”截断
     1>e:\program\knn\knn\knn.h(42): warning C4018: “<”: 有符号/无符号不匹配
                 e:\program\knn\knn\knn.h(36): 编译类 模板 成员函数“std::string kNN<std::string>::classify(std::vector<float,std::allocator<_Ty>>,int)”时
                 with
                 [
                     _Ty=float
                 ]
                 e:\program\knn\knn\demo.cpp(30): 参见对正在编译的函数 模板 实例化“std::string kNN<std::string>::classify(std::vector<float,std::allocator<_Ty>>,int)”的引用
                 with
                 [
                     _Ty=float
                 ]
                 e:\program\knn\knn\demo.cpp(25): 参见对正在编译的类 模板 实例化“kNN<std::string>”的引用
     1>e:\program\knn\knn\knn.h(87): warning C4018: “<”: 有符号/无符号不匹配
                 e:\program\knn\knn\knn.h(83): 编译类 模板 成员函数“std::string kNN<std::string>::sortLabels(std::vector<int,std::allocator<_Ty>>)”时
                 with
                 [
                     _Ty=int
                 ]
                 e:\program\knn\knn\knn.h(63): 参见对正在编译的函数 模板 实例化“std::string kNN<std::string>::sortLabels(std::vector<int,std::allocator<_Ty>>)”的引用
                 with
                 [
                     _Ty=int
                 ]
       Link:
         C:\Program Files (x86)\Microsoft Visual Studio 12.0\VC\bin\link.exe /ERRORREPORT:PROMPT /OUT:"E:\Program\KNN\Debug\KNN.exe" /INCREMENTAL /NOLOGO kernel32.lib user32.lib gdi32.lib winspool.lib comdlg32.lib advapi32.lib shell32.lib ole32.lib oleaut32.lib uuid.lib odbc32.lib odbccp32.lib /MANIFEST /MANIFESTUAC:"level='asInvoker' uiAccess='false'" /manifest:embed /DEBUG /PDB:"E:\Program\KNN\Debug\KNN.pdb" /SUBSYSTEM:CONSOLE /TLBID:1 /DYNAMICBASE /NXCOMPAT /IMPLIB:"E:\Program\KNN\Debug\KNN.lib" /MACHINE:X86 Debug\demo.obj
         KNN.vcxproj -> E:\Program\KNN\Debug\KNN.exe
     1>已完成生成项目“E:\Program\KNN\KNN\KNN.vcxproj”(Build 个目标)的操作。

生成成功。

已用时间 00:00:01.57
